-------------------------------------------------------------------------------
Test set: com.polyattire.ecommerce.PolyattireApplicationTests
-------------------------------------------------------------------------------
Tests run: 1, Failures: 0, Errors: 1, Skipped: 0, Time elapsed: 7.193 s <<< FAILURE! - in com.polyattire.ecommerce.PolyattireApplicationTests
contextLoads  Time elapsed: 0.003 s  <<< ERROR!
java.lang.IllegalStateException: Failed to load ApplicationContext
Caused by: org.springframework.beans.factory.UnsatisfiedDependencyException: Error creating bean with name 'ecommerceController': Unsatisfied dependency expressed through field 'service'; nested exception is org.springframework.beans.factory.UnsatisfiedDependencyException: Error creating bean with name 'serviceImpl': Unsatisfied dependency expressed through field 'detailedProductRepo'; nested exception is org.springframework.beans.factory.BeanCreationException: Error creating bean with name 'productDetailedRepository' defined in com.polyattire.ecommerce.dao.ProductDetailedRepository defined in @EnableJpaRepositories declared on JpaRepositoriesRegistrar.EnableJpaRepositoriesConfiguration: Invocation of init method failed; nested exception is org.springframework.data.repository.query.QueryCreationException: Could not create query for public abstract java.util.List com.polyattire.ecommerce.dao.ProductDetailedRepository.findAllByCategoryId(long)! Reason: Validation failed for query for method public abstract java.util.List com.polyattire.ecommerce.dao.ProductDetailedRepository.findAllByCategoryId(long)!; nested exception is java.lang.IllegalArgumentException: Validation failed for query for method public abstract java.util.List com.polyattire.ecommerce.dao.ProductDetailedRepository.findAllByCategoryId(long)!
Caused by: org.springframework.beans.factory.UnsatisfiedDependencyException: Error creating bean with name 'serviceImpl': Unsatisfied dependency expressed through field 'detailedProductRepo'; nested exception is org.springframework.beans.factory.BeanCreationException: Error creating bean with name 'productDetailedRepository' defined in com.polyattire.ecommerce.dao.ProductDetailedRepository defined in @EnableJpaRepositories declared on JpaRepositoriesRegistrar.EnableJpaRepositoriesConfiguration: Invocation of init method failed; nested exception is org.springframework.data.repository.query.QueryCreationException: Could not create query for public abstract java.util.List com.polyattire.ecommerce.dao.ProductDetailedRepository.findAllByCategoryId(long)! Reason: Validation failed for query for method public abstract java.util.List com.polyattire.ecommerce.dao.ProductDetailedRepository.findAllByCategoryId(long)!; nested exception is java.lang.IllegalArgumentException: Validation failed for query for method public abstract java.util.List com.polyattire.ecommerce.dao.ProductDetailedRepository.findAllByCategoryId(long)!
Caused by: org.springframework.beans.factory.BeanCreationException: Error creating bean with name 'productDetailedRepository' defined in com.polyattire.ecommerce.dao.ProductDetailedRepository defined in @EnableJpaRepositories declared on JpaRepositoriesRegistrar.EnableJpaRepositoriesConfiguration: Invocation of init method failed; nested exception is org.springframework.data.repository.query.QueryCreationException: Could not create query for public abstract java.util.List com.polyattire.ecommerce.dao.ProductDetailedRepository.findAllByCategoryId(long)! Reason: Validation failed for query for method public abstract java.util.List com.polyattire.ecommerce.dao.ProductDetailedRepository.findAllByCategoryId(long)!; nested exception is java.lang.IllegalArgumentException: Validation failed for query for method public abstract java.util.List com.polyattire.ecommerce.dao.ProductDetailedRepository.findAllByCategoryId(long)!
Caused by: org.springframework.data.repository.query.QueryCreationException: Could not create query for public abstract java.util.List com.polyattire.ecommerce.dao.ProductDetailedRepository.findAllByCategoryId(long)! Reason: Validation failed for query for method public abstract java.util.List com.polyattire.ecommerce.dao.ProductDetailedRepository.findAllByCategoryId(long)!; nested exception is java.lang.IllegalArgumentException: Validation failed for query for method public abstract java.util.List com.polyattire.ecommerce.dao.ProductDetailedRepository.findAllByCategoryId(long)!
Caused by: java.lang.IllegalArgumentException: Validation failed for query for method public abstract java.util.List com.polyattire.ecommerce.dao.ProductDetailedRepository.findAllByCategoryId(long)!
Caused by: java.lang.IllegalArgumentException: org.hibernate.QueryException: unexpected char: ';' [select * from product_detailed pd where ( pd.product_id in(select id from product where category_id = ?1));]
Caused by: org.hibernate.QueryException: unexpected char: ';' [select * from product_detailed pd where ( pd.product_id in(select id from product where category_id = ?1));]

